Time[ps]      Etot[eV]     Epot[eV]     Ekin[eV]    T[K]
0.0000        -332.2569    -332.2603       0.0034     0.5
0.0005        -332.2569    -332.2603       0.0035     0.5
0.0010        -332.2569    -332.2606       0.0038     0.6
0.0015        -332.2569    -332.2612       0.0043     0.6
0.0020        -332.2569    -332.2620       0.0051     0.8
0.0025        -332.2569    -332.2631       0.0062     0.9
0.0030        -332.2569    -332.2644       0.0075     1.1
0.0035        -332.2569    -332.2660       0.0091     1.3
0.0040        -332.2569    -332.2678       0.0109     1.6
0.0045        -332.2569    -332.2698       0.0129     1.9
0.0050        -332.2569    -332.2720       0.0151     2.2
0.0055        -332.2569    -332.2745       0.0175     2.6
0.0060        -332.2569    -332.2771       0.0202     2.9
0.0065        -332.2569    -332.2800       0.0230     3.4
0.0070        -332.2569    -332.2830       0.0260     3.8
0.0075        -332.2569    -332.2862       0.0292     4.3
0.0080        -332.2570    -332.2895       0.0326     4.8
0.0085        -332.2570    -332.2930       0.0360     5.3
0.0090        -332.2570    -332.2966       0.0396     5.8
0.0095        -332.2570    -332.3003       0.0434     6.3
0.0100        -332.2570    -332.3042       0.0472     6.9
0.0105        -332.2570    -332.3081       0.0511     7.5
0.0110        -332.2570    -332.3121       0.0551     8.0
0.0115        -332.2570    -332.3161       0.0591     8.6
0.0120        -332.2570    -332.3202       0.0632     9.2
0.0125        -332.2571    -332.3244       0.0673     9.8
0.0130        -332.2571    -332.3285       0.0714    10.4
0.0135        -332.2571    -332.3326       0.0756    11.0
0.0140        -332.2571    -332.3368       0.0797    11.6
0.0145        -332.2571    -332.3409       0.0838    12.2
0.0150        -332.2571    -332.3449       0.0878    12.8
0.0155        -332.2571    -332.3490       0.0918    13.4
0.0160        -332.2572    -332.3529       0.0958    14.0
0.0165        -332.2572    -332.3568       0.0996    14.5
0.0170        -332.2572    -332.3606       0.1034    15.1
0.0175        -332.2572    -332.3642       0.1070    15.6
0.0180        -332.2572    -332.3678       0.1106    16.1
0.0185        -332.2572    -332.3713       0.1140    16.6
0.0190        -332.2573    -332.3746       0.1173    17.1
0.0195        -332.2573    -332.3778       0.1205    17.6
0.0200        -332.2573    -332.3808       0.1235    18.0
0.0205        -332.2573    -332.3837       0.1264    18.4
0.0210        -332.2573    -332.3864       0.1291    18.8
0.0215        -332.2573    -332.3889       0.1316    19.2
0.0220        -332.2574    -332.3913       0.1340    19.6
0.0225        -332.2574    -332.3935       0.1361    19.9
0.0230        -332.2574    -332.3955       0.1381    20.2
0.0235        -332.2574    -332.3974       0.1399    20.4
0.0240        -332.2574    -332.3990       0.1416    20.7
0.0245        -332.2575    -332.4005       0.1430    20.9
0.0250        -332.2575    -332.4017       0.1443    21.1
0.0255        -332.2575    -332.4028       0.1453    21.2
0.0260        -332.2575    -332.4037       0.1462    21.3
0.0265        -332.2575    -332.4044       0.1469    21.4
0.0270        -332.2575    -332.4050       0.1474    21.5
0.0275        -332.2576    -332.4053       0.1477    21.6
0.0280        -332.2576    -332.4055       0.1479    21.6
0.0285        -332.2576    -332.4055       0.1479    21.6
0.0290        -332.2576    -332.4053       0.1477    21.6
0.0295        -332.2576    -332.4050       0.1473    21.5
0.0300        -332.2577    -332.4045       0.1468    21.4
0.0305        -332.2577    -332.4038       0.1461    21.3
0.0310        -332.2577    -332.4030       0.1453    21.2
0.0315        -332.2577    -332.4021       0.1444    21.1
0.0320        -332.2577    -332.4010       0.1433    20.9
0.0325        -332.2578    -332.3998       0.1421    20.7
0.0330        -332.2578    -332.3985       0.1407    20.5
0.0335        -332.2578    -332.3971       0.1393    20.3
0.0340        -332.2578    -332.3956       0.1378    20.1
0.0345        -332.2578    -332.3940       0.1361    19.9
0.0350        -332.2579    -332.3923       0.1344    19.6
0.0355        -332.2579    -332.3905       0.1326    19.4
0.0360        -332.2579    -332.3887       0.1308    19.1
0.0365        -332.2579    -332.3868       0.1289    18.8
0.0370        -332.2579    -332.3848       0.1269    18.5
0.0375        -332.2579    -332.3829       0.1249    18.2
0.0380        -332.2580    -332.3809       0.1229    17.9
0.0385        -332.2580    -332.3788       0.1208    17.6
0.0390        -332.2580    -332.3768       0.1188    17.3
0.0395        -332.2580    -332.3747       0.1167    17.0
0.0400        -332.2580    -332.3726       0.1146    16.7
0.0405        -332.2581    -332.3706       0.1125    16.4
0.0410        -332.2581    -332.3686       0.1105    16.1
0.0415        -332.2581    -332.3665       0.1085    15.8
0.0420        -332.2581    -332.3646       0.1065    15.5
0.0425        -332.2581    -332.3626       0.1045    15.3
0.0430        -332.2581    -332.3607       0.1026    15.0
0.0435        -332.2581    -332.3588       0.1007    14.7
0.0440        -332.2582    -332.3570       0.0989    14.4
0.0445        -332.2582    -332.3553       0.0971    14.2
0.0450        -332.2582    -332.3535       0.0954    13.9
0.0455        -332.2582    -332.3519       0.0937    13.7
0.0460        -332.2582    -332.3503       0.0921    13.4
0.0465        -332.2582    -332.3488       0.0906    13.2
0.0470        -332.2582    -332.3474       0.0891    13.0
0.0475        -332.2582    -332.3460       0.0878    12.8
0.0480        -332.2583    -332.3447       0.0865    12.6
0.0485        -332.2583    -332.3435       0.0852    12.4
0.0490        -332.2583    -332.3424       0.0841    12.3
0.0495        -332.2583    -332.3413       0.0830    12.1
0.0500        -332.2583    -332.3403       0.0820    12.0
0.0505        -332.2583    -332.3394       0.0811    11.8
0.0510        -332.2583    -332.3385       0.0802    11.7
0.0515        -332.2583    -332.3378       0.0794    11.6
0.0520        -332.2583    -332.3371       0.0787    11.5
0.0525        -332.2583    -332.3364       0.0781    11.4
0.0530        -332.2584    -332.3359       0.0775    11.3
0.0535        -332.2584    -332.3354       0.0770    11.2
0.0540        -332.2584    -332.3349       0.0766    11.2
0.0545        -332.2584    -332.3346       0.0762    11.1
0.0550        -332.2584    -332.3342       0.0759    11.1
0.0555        -332.2584    -332.3340       0.0756    11.0
0.0560        -332.2584    -332.3338       0.0754    11.0
0.0565        -332.2584    -332.3336       0.0752    11.0
0.0570        -332.2584    -332.3335       0.0751    11.0
0.0575        -332.2584    -332.3334       0.0750    10.9
0.0580        -332.2584    -332.3333       0.0749    10.9
0.0585        -332.2584    -332.3333       0.0749    10.9
0.0590        -332.2584    -332.3333       0.0749    10.9
0.0595        -332.2584    -332.3334       0.0750    10.9
0.0600        -332.2584    -332.3335       0.0750    11.0
0.0605        -332.2584    -332.3336       0.0751    11.0
0.0610        -332.2584    -332.3337       0.0752    11.0
0.0615        -332.2584    -332.3338       0.0754    11.0
0.0620        -332.2584    -332.3339       0.0755    11.0
0.0625        -332.2584    -332.3341       0.0757    11.0
0.0630        -332.2584    -332.3343       0.0758    11.1
0.0635        -332.2584    -332.3344       0.0760    11.1
0.0640        -332.2584    -332.3346       0.0762    11.1
0.0645        -332.2584    -332.3348       0.0764    11.1
0.0650        -332.2584    -332.3350       0.0765    11.2
0.0655        -332.2584    -332.3352       0.0767    11.2
0.0660        -332.2584    -332.3354       0.0769    11.2
0.0665        -332.2584    -332.3356       0.0771    11.3
0.0670        -332.2584    -332.3357       0.0773    11.3
0.0675        -332.2584    -332.3359       0.0775    11.3
0.0680        -332.2584    -332.3361       0.0777    11.3
0.0685        -332.2584    -332.3363       0.0778    11.4
0.0690        -332.2584    -332.3365       0.0780    11.4
0.0695        -332.2584    -332.3366       0.0782    11.4
0.0700        -332.2584    -332.3368       0.0784    11.4
0.0705        -332.2584    -332.3370       0.0786    11.5
0.0710        -332.2584    -332.3372       0.0787    11.5
0.0715        -332.2584    -332.3373       0.0789    11.5
0.0720        -332.2584    -332.3375       0.0791    11.5
0.0725        -332.2584    -332.3377       0.0793    11.6
0.0730        -332.2584    -332.3379       0.0795    11.6
0.0735        -332.2584    -332.3381       0.0797    11.6
0.0740        -332.2584    -332.3383       0.0798    11.7
0.0745        -332.2584    -332.3385       0.0801    11.7
0.0750        -332.2584    -332.3387       0.0803    11.7
0.0755        -332.2584    -332.3389       0.0805    11.7
0.0760        -332.2584    -332.3391       0.0807    11.8
0.0765        -332.2584    -332.3394       0.0810    11.8
0.0770        -332.2584    -332.3396       0.0812    11.9
0.0775        -332.2584    -332.3399       0.0815    11.9
0.0780        -332.2584    -332.3402       0.0818    11.9
0.0785        -332.2584    -332.3405       0.0821    12.0
0.0790        -332.2584    -332.3408       0.0824    12.0
0.0795        -332.2584    -332.3411       0.0827    12.1
0.0800        -332.2584    -332.3415       0.0831    12.1
0.0805        -332.2584    -332.3419       0.0835    12.2
0.0810        -332.2584    -332.3422       0.0839    12.2
0.0815        -332.2584    -332.3426       0.0843    12.3
0.0820        -332.2584    -332.3431       0.0847    12.4
0.0825        -332.2584    -332.3435       0.0851    12.4
0.0830        -332.2584    -332.3440       0.0856    12.5
0.0835        -332.2584    -332.3445       0.0861    12.6
0.0840        -332.2584    -332.3449       0.0866    12.6
0.0845        -332.2584    -332.3455       0.0871    12.7
0.0850        -332.2584    -332.3460       0.0876    12.8
0.0855        -332.2584    -332.3465       0.0882    12.9
0.0860        -332.2584    -332.3471       0.0887    13.0
0.0865        -332.2584    -332.3477       0.0893    13.0
0.0870        -332.2584    -332.3483       0.0899    13.1
0.0875        -332.2584    -332.3489       0.0905    13.2
0.0880        -332.2584    -332.3495       0.0911    13.3
0.0885        -332.2584    -332.3501       0.0917    13.4
0.0890        -332.2584    -332.3507       0.0924    13.5
0.0895        -332.2584    -332.3514       0.0930    13.6
0.0900        -332.2584    -332.3520       0.0936    13.7
0.0905        -332.2584    -332.3527       0.0943    13.8
0.0910        -332.2584    -332.3533       0.0950    13.9
0.0915        -332.2584    -332.3540       0.0956    14.0
0.0920        -332.2584    -332.3547       0.0963    14.1
0.0925        -332.2584    -332.3553       0.0969    14.2
0.0930        -332.2584    -332.3560       0.0976    14.2
0.0935        -332.2584    -332.3567       0.0983    14.3
0.0940        -332.2584    -332.3573       0.0989    14.4
0.0945        -332.2584    -332.3580       0.0996    14.5
0.0950        -332.2584    -332.3587       0.1003    14.6
0.0955        -332.2584    -332.3593       0.1009    14.7
0.0960        -332.2584    -332.3600       0.1016    14.8
0.0965        -332.2584    -332.3606       0.1022    14.9
0.0970        -332.2584    -332.3613       0.1028    15.0
0.0975        -332.2584    -332.3619       0.1035    15.1
0.0980        -332.2584    -332.3625       0.1041    15.2
0.0985        -332.2584    -332.3631       0.1047    15.3
0.0990        -332.2584    -332.3637       0.1053    15.4
0.0995        -332.2584    -332.3643       0.1059    15.5
0.1000        -332.2584    -332.3649       0.1065    15.5
0.1005        -332.2584    -332.3655       0.1071    15.6
0.1010        -332.2584    -332.3661       0.1076    15.7
0.1015        -332.2585    -332.3667       0.1082    15.8
0.1020        -332.2585    -332.3672       0.1087    15.9
0.1025        -332.2585    -332.3677       0.1093    16.0
0.1030        -332.2585    -332.3683       0.1098    16.0
0.1035        -332.2585    -332.3688       0.1103    16.1
0.1040        -332.2585    -332.3693       0.1108    16.2
0.1045        -332.2585    -332.3698       0.1113    16.2
0.1050        -332.2585    -332.3703       0.1118    16.3
0.1055        -332.2585    -332.3707       0.1122    16.4
0.1060        -332.2585    -332.3712       0.1127    16.4
0.1065        -332.2585    -332.3716       0.1131    16.5
0.1070        -332.2585    -332.3720       0.1135    16.6
0.1075        -332.2585    -332.3724       0.1139    16.6
0.1080        -332.2585    -332.3728       0.1143    16.7
0.1085        -332.2585    -332.3732       0.1147    16.7
0.1090        -332.2585    -332.3735       0.1150    16.8
0.1095        -332.2585    -332.3739       0.1153    16.8
0.1100        -332.2585    -332.3742       0.1156    16.9
0.1105        -332.2585    -332.3745       0.1159    16.9
0.1110        -332.2585    -332.3747       0.1162    17.0
0.1115        -332.2585    -332.3750       0.1164    17.0
0.1120        -332.2585    -332.3752       0.1166    17.0
0.1125        -332.2585    -332.3754       0.1168    17.1
0.1130        -332.2585    -332.3755       0.1170    17.1
0.1135        -332.2585    -332.3756       0.1171    17.1
0.1140        -332.2585    -332.3757       0.1172    17.1
0.1145        -332.2586    -332.3758       0.1172    17.1
0.1150        -332.2586    -332.3758       0.1173    17.1
0.1155        -332.2586    -332.3758       0.1173    17.1
0.1160        -332.2586    -332.3758       0.1172    17.1
0.1165        -332.2586    -332.3757       0.1171    17.1
0.1170        -332.2586    -332.3755       0.1170    17.1
0.1175        -332.2586    -332.3754       0.1168    17.1
0.1180        -332.2586    -332.3751       0.1166    17.0
0.1185        -332.2586    -332.3749       0.1163    17.0
0.1190        -332.2586    -332.3746       0.1160    16.9
0.1195        -332.2586    -332.3742       0.1156    16.9
0.1200        -332.2586    -332.3738       0.1152    16.8
0.1205        -332.2586    -332.3733       0.1147    16.7
0.1210        -332.2586    -332.3728       0.1142    16.7
0.1215        -332.2586    -332.3722       0.1136    16.6
0.1220        -332.2586    -332.3715       0.1130    16.5
0.1225        -332.2586    -332.3708       0.1123    16.4
0.1230        -332.2586    -332.3701       0.1115    16.3
0.1235        -332.2586    -332.3692       0.1107    16.2
0.1240        -332.2586    -332.3683       0.1098    16.0
0.1245        -332.2585    -332.3674       0.1088    15.9
0.1250        -332.2585    -332.3664       0.1078    15.7
0.1255        -332.2585    -332.3653       0.1068    15.6
0.1260        -332.2585    -332.3642       0.1056    15.4
0.1265        -332.2585    -332.3630       0.1044    15.2
0.1270        -332.2585    -332.3617       0.1032    15.1
0.1275        -332.2585    -332.3604       0.1019    14.9
0.1280        -332.2585    -332.3591       0.1005    14.7
0.1285        -332.2585    -332.3576       0.0991    14.5
0.1290        -332.2585    -332.3562       0.0976    14.3
0.1295        -332.2585    -332.3546       0.0961    14.0
0.1300        -332.2585    -332.3530       0.0945    13.8
0.1305        -332.2585    -332.3514       0.0929    13.6
0.1310        -332.2585    -332.3498       0.0913    13.3
0.1315        -332.2585    -332.3481       0.0896    13.1
0.1320        -332.2585    -332.3463       0.0878    12.8
0.1325        -332.2585    -332.3446       0.0861    12.6
0.1330        -332.2585    -332.3428       0.0843    12.3
0.1335        -332.2585    -332.3409       0.0825    12.0
0.1340        -332.2584    -332.3391       0.0807    11.8
0.1345        -332.2584    -332.3373       0.0788    11.5
0.1350        -332.2584    -332.3354       0.0770    11.2
0.1355        -332.2584    -332.3335       0.0751    11.0
0.1360        -332.2584    -332.3317       0.0733    10.7
0.1365        -332.2584    -332.3298       0.0714    10.4
0.1370        -332.2584    -332.3280       0.0696    10.2
0.1375        -332.2584    -332.3262       0.0678     9.9
0.1380        -332.2584    -332.3245       0.0661     9.6
0.1385        -332.2584    -332.3227       0.0643     9.4
0.1390        -332.2584    -332.3210       0.0627     9.1
0.1395        -332.2584    -332.3194       0.0610     8.9
0.1400        -332.2584    -332.3178       0.0594     8.7
0.1405        -332.2583    -332.3163       0.0579     8.5
0.1410        -332.2583    -332.3148       0.0565     8.2
0.1415        -332.2583    -332.3134       0.0551     8.0
0.1420        -332.2583    -332.3121       0.0538     7.9
0.1425        -332.2583    -332.3109       0.0526     7.7
0.1430        -332.2583    -332.3098       0.0515     7.5
0.1435        -332.2583    -332.3088       0.0505     7.4
0.1440        -332.2583    -332.3079       0.0496     7.2
0.1445        -332.2583    -332.3071       0.0488     7.1
0.1450        -332.2583    -332.3064       0.0481     7.0
0.1455        -332.2583    -332.3058       0.0476     6.9
0.1460        -332.2583    -332.3054       0.0471     6.9
0.1465        -332.2582    -332.3051       0.0468     6.8
0.1470        -332.2582    -332.3049       0.0466     6.8
0.1475        -332.2582    -332.3048       0.0466     6.8
0.1480        -332.2582    -332.3049       0.0467     6.8
0.1485        -332.2582    -332.3051       0.0469     6.8
0.1490        -332.2582    -332.3055       0.0473     6.9
0.1495        -332.2582    -332.3060       0.0478     7.0
0.1500        -332.2582    -332.3066       0.0484     7.1
0.1505        -332.2582    -332.3074       0.0492     7.2
0.1510        -332.2582    -332.3083       0.0501     7.3
0.1515        -332.2582    -332.3094       0.0512     7.5
0.1520        -332.2582    -332.3105       0.0524     7.6
0.1525        -332.2582    -332.3119       0.0537     7.8
0.1530        -332.2582    -332.3133       0.0551     8.0
0.1535        -332.2582    -332.3149       0.0567     8.3
0.1540        -332.2582    -332.3165       0.0584     8.5
0.1545        -332.2582    -332.3183       0.0602     8.8
0.1550        -332.2582    -332.3203       0.0621     9.1
0.1555        -332.2582    -332.3223       0.0641     9.4
0.1560        -332.2582    -332.3244       0.0662     9.7
0.1565        -332.2581    -332.3266       0.0684    10.0
0.1570        -332.2581    -332.3289       0.0707    10.3
0.1575        -332.2581    -332.3312       0.0731    10.7
0.1580        -332.2581    -332.3337       0.0755    11.0
0.1585        -332.2581    -332.3362       0.0780    11.4
0.1590        -332.2581    -332.3387       0.0806    11.8
0.1595        -332.2581    -332.3413       0.0832    12.1
0.1600        -332.2581    -332.3439       0.0858    12.5
0.1605        -332.2581    -332.3466       0.0885    12.9
0.1610        -332.2581    -332.3493       0.0911    13.3
0.1615        -332.2581    -332.3519       0.0938    13.7
0.1620        -332.2581    -332.3546       0.0965    14.1
0.1625        -332.2581    -332.3573       0.0991    14.5
0.1630        -332.2581    -332.3599       0.1018    14.9
0.1635        -332.2582    -332.3625       0.1044    15.2
0.1640        -332.2582    -332.3651       0.1070    15.6
0.1645        -332.2582    -332.3676       0.1095    16.0
0.1650        -332.2582    -332.3701       0.1120    16.3
0.1655        -332.2582    -332.3725       0.1144    16.7
0.1660        -332.2582    -332.3749       0.1167    17.0
0.1665        -332.2582    -332.3771       0.1189    17.4
0.1670        -332.2582    -332.3793       0.1211    17.7
0.1675        -332.2582    -332.3813       0.1232    18.0
0.1680        -332.2582    -332.3833       0.1251    18.3
0.1685        -332.2582    -332.3852       0.1270    18.5
0.1690        -332.2582    -332.3869       0.1287    18.8
0.1695        -332.2582    -332.3885       0.1303    19.0
0.1700        -332.2582    -332.3900       0.1318    19.2
0.1705        -332.2582    -332.3914       0.1332    19.4
0.1710        -332.2582    -332.3926       0.1344    19.6
0.1715        -332.2582    -332.3937       0.1355    19.8
0.1720        -332.2582    -332.3946       0.1364    19.9
0.1725        -332.2582    -332.3954       0.1372    20.0
0.1730        -332.2583    -332.3961       0.1378    20.1
0.1735        -332.2583    -332.3966       0.1383    20.2
0.1740        -332.2583    -332.3970       0.1387    20.2
0.1745        -332.2583    -332.3972       0.1389    20.3
0.1750        -332.2583    -332.3972       0.1389    20.3
0.1755        -332.2583    -332.3971       0.1388    20.3
0.1760        -332.2583    -332.3969       0.1386    20.2
0.1765        -332.2583    -332.3965       0.1382    20.2
0.1770        -332.2583    -332.3960       0.1377    20.1
0.1775        -332.2583    -332.3953       0.1370    20.0
0.1780        -332.2583    -332.3945       0.1362    19.9
0.1785        -332.2584    -332.3936       0.1353    19.7
0.1790        -332.2584    -332.3926       0.1342    19.6
0.1795        -332.2584    -332.3914       0.1330    19.4
0.1800        -332.2584    -332.3901       0.1317    19.2
0.1805        -332.2584    -332.3887       0.1303    19.0
0.1810        -332.2584    -332.3872       0.1288    18.8
0.1815        -332.2584    -332.3855       0.1271    18.6
0.1820        -332.2584    -332.3838       0.1254    18.3
0.1825        -332.2584    -332.3820       0.1236    18.0
0.1830        -332.2584    -332.3801       0.1217    17.8
0.1835        -332.2585    -332.3782       0.1197    17.5
0.1840        -332.2585    -332.3761       0.1177    17.2
0.1845        -332.2585    -332.3741       0.1156    16.9
0.1850        -332.2585    -332.3719       0.1134    16.6
0.1855        -332.2585    -332.3697       0.1112    16.2
0.1860        -332.2585    -332.3675       0.1090    15.9
0.1865        -332.2585    -332.3652       0.1067    15.6
0.1870        -332.2585    -332.3630       0.1044    15.2
0.1875        -332.2585    -332.3607       0.1021    14.9
0.1880        -332.2586    -332.3583       0.0998    14.6
0.1885        -332.2586    -332.3560       0.0974    14.2
0.1890        -332.2586    -332.3537       0.0951    13.9
0.1895        -332.2586    -332.3514       0.0928    13.5
0.1900        -332.2586    -332.3491       0.0905    13.2
0.1905        -332.2586    -332.3468       0.0882    12.9
0.1910        -332.2586    -332.3446       0.0860    12.6
0.1915        -332.2586    -332.3424       0.0838    12.2
0.1920        -332.2586    -332.3402       0.0816    11.9
0.1925        -332.2587    -332.3381       0.0795    11.6
0.1930        -332.2587    -332.3361       0.0774    11.3
0.1935        -332.2587    -332.3340       0.0754    11.0
0.1940        -332.2587    -332.3321       0.0734    10.7
0.1945        -332.2587    -332.3302       0.0715    10.4
0.1950        -332.2587    -332.3284       0.0697    10.2
0.1955        -332.2587    -332.3266       0.0679     9.9
0.1960        -332.2587    -332.3249       0.0662     9.7
0.1965        -332.2587    -332.3233       0.0646     9.4
0.1970        -332.2587    -332.3218       0.0631     9.2
0.1975        -332.2587    -332.3204       0.0616     9.0
0.1980        -332.2588    -332.3190       0.0602     8.8
0.1985        -332.2588    -332.3177       0.0590     8.6
0.1990        -332.2588    -332.3165       0.0578     8.4
0.1995        -332.2588    -332.3154       0.0566     8.3
0.2000        -332.2588    -332.3144       0.0556     8.1
0.2005        -332.2588    -332.3134       0.0547     8.0
0.2010        -332.2588    -332.3126       0.0538     7.9
0.2015        -332.2588    -332.3118       0.0530     7.7
0.2020        -332.2588    -332.3111       0.0523     7.6
0.2025        -332.2588    -332.3105       0.0517     7.6
0.2030        -332.2588    -332.3100       0.0512     7.5
0.2035        -332.2588    -332.3096       0.0508     7.4
0.2040        -332.2588    -332.3092       0.0504     7.4
0.2045        -332.2588    -332.3089       0.0501     7.3
0.2050        -332.2588    -332.3087       0.0499     7.3
0.2055        -332.2588    -332.3086       0.0498     7.3
0.2060        -332.2588    -332.3086       0.0497     7.3
0.2065        -332.2588    -332.3086       0.0497     7.3
0.2070        -332.2588    -332.3086       0.0498     7.3
0.2075        -332.2588    -332.3088       0.0499     7.3
0.2080        -332.2588    -332.3090       0.0501     7.3
0.2085        -332.2589    -332.3092       0.0504     7.4
0.2090        -332.2589    -332.3095       0.0507     7.4
0.2095        -332.2589    -332.3099       0.0510     7.5
0.2100        -332.2589    -332.3103       0.0514     7.5
0.2105        -332.2589    -332.3108       0.0519     7.6
0.2110        -332.2589    -332.3113       0.0524     7.6
0.2115        -332.2589    -332.3118       0.0529     7.7
0.2120        -332.2589    -332.3124       0.0535     7.8
0.2125        -332.2589    -332.3130       0.0541     7.9
0.2130        -332.2589    -332.3137       0.0548     8.0
0.2135        -332.2589    -332.3143       0.0555     8.1
0.2140        -332.2589    -332.3150       0.0562     8.2
0.2145        -332.2589    -332.3158       0.0569     8.3
0.2150        -332.2589    -332.3165       0.0577     8.4
0.2155        -332.2588    -332.3173       0.0585     8.5
0.2160        -332.2588    -332.3181       0.0593     8.7
0.2165        -332.2588    -332.3190       0.0601     8.8
0.2170        -332.2588    -332.3198       0.0610     8.9
0.2175        -332.2588    -332.3207       0.0618     9.0
0.2180        -332.2588    -332.3216       0.0627     9.2
0.2185        -332.2588    -332.3225       0.0636     9.3
0.2190        -332.2588    -332.3234       0.0645     9.4
0.2195        -332.2588    -332.3243       0.0655     9.6
0.2200        -332.2588    -332.3252       0.0664     9.7
0.2205        -332.2588    -332.3262       0.0674     9.8
0.2210        -332.2588    -332.3272       0.0684    10.0
0.2215        -332.2588    -332.3282       0.0694    10.1
0.2220        -332.2588    -332.3292       0.0704    10.3
0.2225        -332.2588    -332.3302       0.0714    10.4
0.2230        -332.2588    -332.3312       0.0724    10.6
0.2235        -332.2588    -332.3323       0.0735    10.7
0.2240        -332.2588    -332.3334       0.0746    10.9
0.2245        -332.2588    -332.3345       0.0757    11.0
0.2250        -332.2588    -332.3356       0.0768    11.2
0.2255        -332.2588    -332.3367       0.0779    11.4
0.2260        -332.2588    -332.3378       0.0791    11.5
0.2265        -332.2588    -332.3390       0.0802    11.7
0.2270        -332.2588    -332.3402       0.0814    11.9
0.2275        -332.2587    -332.3414       0.0827    12.1
0.2280        -332.2587    -332.3426       0.0839    12.2
0.2285        -332.2587    -332.3439       0.0852    12.4
0.2290        -332.2587    -332.3452       0.0865    12.6
0.2295        -332.2587    -332.3465       0.0878    12.8
0.2300        -332.2587    -332.3478       0.0891    13.0
0.2305        -332.2587    -332.3492       0.0904    13.2
0.2310        -332.2587    -332.3505       0.0918    13.4
0.2315        -332.2587    -332.3519       0.0932    13.6
0.2320        -332.2587    -332.3533       0.0946    13.8
0.2325        -332.2587    -332.3547       0.0961    14.0
0.2330        -332.2587    -332.3562       0.0975    14.2
0.2335        -332.2587    -332.3577       0.0990    14.4
0.2340        -332.2587    -332.3591       0.1005    14.7
0.2345        -332.2586    -332.3606       0.1020    14.9
0.2350        -332.2586    -332.3621       0.1035    15.1
0.2355        -332.2586    -332.3636       0.1050    15.3
0.2360        -332.2586    -332.3651       0.1065    15.5
0.2365        -332.2586    -332.3666       0.1080    15.8
0.2370        -332.2586    -332.3681       0.1095    16.0
0.2375        -332.2586    -332.3696       0.1110    16.2
0.2380        -332.2586    -332.3711       0.1126    16.4
0.2385        -332.2586    -332.3726       0.1140    16.6
0.2390        -332.2586    -332.3741       0.1155    16.9
0.2395        -332.2586    -332.3755       0.1170    17.1
0.2400        -332.2586    -332.3769       0.1184    17.3
0.2405        -332.2585    -332.3783       0.1198    17.5
0.2410        -332.2585    -332.3797       0.1212    17.7
0.2415        -332.2585    -332.3810       0.1225    17.9
0.2420        -332.2585    -332.3823       0.1238    18.1
0.2425        -332.2585    -332.3835       0.1250    18.2
0.2430        -332.2585    -332.3847       0.1262    18.4
0.2435        -332.2585    -332.3858       0.1273    18.6
0.2440        -332.2585    -332.3868       0.1284    18.7
0.2445        -332.2585    -332.3878       0.1294    18.9
0.2450        -332.2585    -332.3888       0.1303    19.0
0.2455        -332.2584    -332.3896       0.1312    19.1
0.2460        -332.2584    -332.3904       0.1319    19.3
0.2465        -332.2584    -332.3911       0.1326    19.4
0.2470        -332.2584    -332.3917       0.1333    19.5
0.2475        -332.2584    -332.3922       0.1338    19.5
0.2480        -332.2584    -332.3926       0.1342    19.6
0.2485        -332.2584    -332.3929       0.1346    19.6
0.2490        -332.2584    -332.3932       0.1348    19.7
0.2495        -332.2583    -332.3933       0.1350    19.7
0.2500        -332.2583    -332.3933       0.1350    19.7
0.2505        -332.2583    -332.3933       0.1350    19.7
0.2510        -332.2583    -332.3931       0.1348    19.7
0.2515        -332.2583    -332.3928       0.1345    19.6
0.2520        -332.2583    -332.3925       0.1342    19.6
0.2525        -332.2583    -332.3920       0.1337    19.5
0.2530        -332.2582    -332.3914       0.1332    19.4
0.2535        -332.2582    -332.3907       0.1325    19.3
0.2540        -332.2582    -332.3900       0.1317    19.2
0.2545        -332.2582    -332.3891       0.1309    19.1
0.2550        -332.2582    -332.3881       0.1299    19.0
0.2555        -332.2582    -332.3871       0.1289    18.8
0.2560        -332.2582    -332.3859       0.1278    18.6
0.2565        -332.2581    -332.3847       0.1265    18.5
0.2570        -332.2581    -332.3834       0.1252    18.3
0.2575        -332.2581    -332.3820       0.1239    18.1
0.2580        -332.2581    -332.3805       0.1224    17.9
0.2585        -332.2581    -332.3790       0.1209    17.6
0.2590        -332.2581    -332.3774       0.1193    17.4
0.2595        -332.2580    -332.3757       0.1177    17.2
0.2600        -332.2580    -332.3740       0.1160    16.9
0.2605        -332.2580    -332.3722       0.1143    16.7
0.2610        -332.2580    -332.3705       0.1125    16.4
0.2615        -332.2580    -332.3686       0.1107    16.2
0.2620        -332.2579    -332.3668       0.1088    15.9
0.2625        -332.2579    -332.3649       0.1070    15.6
0.2630        -332.2579    -332.3630       0.1051    15.3
0.2635        -332.2579    -332.3611       0.1032    15.1
0.2640        -332.2579    -332.3592       0.1013    14.8
0.2645        -332.2578    -332.3573       0.0994    14.5
0.2650        -332.2578    -332.3554       0.0976    14.2
0.2655        -332.2578    -332.3535       0.0957    14.0
0.2660        -332.2578    -332.3517       0.0939    13.7
0.2665        -332.2577    -332.3498       0.0921    13.4
0.2670        -332.2577    -332.3481       0.0903    13.2
0.2675        -332.2577    -332.3463       0.0886    12.9
0.2680        -332.2577    -332.3446       0.0869    12.7
0.2685        -332.2577    -332.3430       0.0853    12.5
0.2690        -332.2576    -332.3414       0.0837    12.2
0.2695        -332.2576    -332.3398       0.0822    12.0
0.2700        -332.2576    -332.3384       0.0808    11.8
0.2705        -332.2576    -332.3370       0.0794    11.6
0.2710        -332.2575    -332.3356       0.0781    11.4
0.2715        -332.2575    -332.3344       0.0769    11.2
0.2720        -332.2575    -332.3332       0.0757    11.0
0.2725        -332.2575    -332.3321       0.0746    10.9
0.2730        -332.2574    -332.3311       0.0736    10.7
0.2735        -332.2574    -332.3301       0.0727    10.6
0.2740        -332.2574    -332.3293       0.0719    10.5
0.2745        -332.2574    -332.3285       0.0712    10.4
0.2750        -332.2574    -332.3278       0.0705    10.3
0.2755        -332.2573    -332.3273       0.0699    10.2
0.2760        -332.2573    -332.3267       0.0694    10.1
0.2765        -332.2573    -332.3263       0.0690    10.1
0.2770        -332.2573    -332.3260       0.0687    10.0
0.2775        -332.2572    -332.3257       0.0685    10.0
0.2780        -332.2572    -332.3255       0.0683    10.0
0.2785        -332.2572    -332.3254       0.0682    10.0
0.2790        -332.2572    -332.3254       0.0682    10.0
0.2795        -332.2571    -332.3254       0.0683    10.0
0.2800        -332.2571    -332.3255       0.0684    10.0
0.2805        -332.2571    -332.3257       0.0686    10.0
0.2810        -332.2571    -332.3259       0.0689    10.1
0.2815        -332.2571    -332.3262       0.0692    10.1
0.2820        -332.2570    -332.3266       0.0695    10.1
0.2825        -332.2570    -332.3269       0.0699    10.2
0.2830        -332.2570    -332.3274       0.0704    10.3
0.2835        -332.2570    -332.3278       0.0709    10.3
0.2840        -332.2569    -332.3283       0.0714    10.4
0.2845        -332.2569    -332.3289       0.0720    10.5
0.2850        -332.2569    -332.3294       0.0725    10.6
0.2855        -332.2569    -332.3300       0.0731    10.7
0.2860        -332.2569    -332.3306       0.0738    10.8
0.2865        -332.2569    -332.3312       0.0744    10.9
0.2870        -332.2568    -332.3319       0.0750    11.0
0.2875        -332.2568    -332.3325       0.0757    11.0
0.2880        -332.2568    -332.3331       0.0763    11.1
0.2885        -332.2568    -332.3338       0.0770    11.2
0.2890        -332.2568    -332.3344       0.0776    11.3
0.2895        -332.2568    -332.3350       0.0782    11.4
0.2900        -332.2568    -332.3356       0.0789    11.5
0.2905        -332.2567    -332.3362       0.0795    11.6
0.2910        -332.2567    -332.3368       0.0801    11.7
0.2915        -332.2567    -332.3373       0.0806    11.8
0.2920        -332.2567    -332.3379       0.0812    11.8
0.2925        -332.2567    -332.3384       0.0817    11.9
0.2930        -332.2567    -332.3389       0.0822    12.0
0.2935        -332.2567    -332.3394       0.0827    12.1
0.2940        -332.2567    -332.3398       0.0831    12.1
0.2945        -332.2567    -332.3402       0.0836    12.2
0.2950        -332.2567    -332.3406       0.0840    12.3
0.2955        -332.2567    -332.3410       0.0844    12.3
0.2960        -332.2567    -332.3414       0.0847    12.4
0.2965        -332.2567    -332.3417       0.0850    12.4
0.2970        -332.2567    -332.3420       0.0854    12.5
0.2975        -332.2567    -332.3423       0.0857    12.5
0.2980        -332.2567    -332.3426       0.0859    12.5
0.2985        -332.2567    -332.3429       0.0862    12.6
0.2990        -332.2567    -332.3431       0.0864    12.6
0.2995        -332.2567    -332.3434       0.0867    12.7
0.3000        -332.2567    -332.3436       0.0869    12.7
0.3005        -332.2567    -332.3438       0.0871    12.7
0.3010        -332.2567    -332.3441       0.0874    12.8
0.3015        -332.2567    -332.3443       0.0876    12.8
0.3020        -332.2567    -332.3445       0.0878    12.8
0.3025        -332.2567    -332.3448       0.0880    12.9
0.3030        -332.2568    -332.3450       0.0883    12.9
0.3035        -332.2568    -332.3453       0.0885    12.9
0.3040        -332.2568    -332.3456       0.0888    13.0
0.3045        -332.2568    -332.3459       0.0891    13.0
0.3050        -332.2568    -332.3462       0.0894    13.1
0.3055        -332.2568    -332.3466       0.0898    13.1
0.3060        -332.2569    -332.3470       0.0901    13.2
0.3065        -332.2569    -332.3474       0.0905    13.2
0.3070        -332.2569    -332.3479       0.0910    13.3
0.3075        -332.2569    -332.3483       0.0914    13.3
0.3080        -332.2569    -332.3489       0.0919    13.4
0.3085        -332.2570    -332.3494       0.0925    13.5
0.3090        -332.2570    -332.3500       0.0930    13.6
0.3095        -332.2570    -332.3507       0.0936    13.7
0.3100        -332.2570    -332.3513       0.0943    13.8
0.3105        -332.2571    -332.3521       0.0950    13.9
0.3110        -332.2571    -332.3528       0.0957    14.0
0.3115        -332.2571    -332.3536       0.0965    14.1
0.3120        -332.2572    -332.3545       0.0973    14.2
0.3125        -332.2572    -332.3553       0.0981    14.3
0.3130        -332.2572    -332.3563       0.0990    14.5
0.3135        -332.2573    -332.3572       0.0999    14.6
0.3140        -332.2573    -332.3582       0.1009    14.7
0.3145        -332.2573    -332.3592       0.1018    14.9
0.3150        -332.2574    -332.3602       0.1028    15.0
0.3155        -332.2574    -332.3613       0.1038    15.2
0.3160        -332.2575    -332.3623       0.1049    15.3
0.3165        -332.2575    -332.3634       0.1059    15.5
0.3170        -332.2575    -332.3645       0.1070    15.6
0.3175        -332.2576    -332.3656       0.1080    15.8
0.3180        -332.2576    -332.3667       0.1091    15.9
0.3185        -332.2577    -332.3678       0.1101    16.1
0.3190        -332.2577    -332.3689       0.1111    16.2
0.3195        -332.2578    -332.3699       0.1121    16.4
0.3200        -332.2578    -332.3709       0.1131    16.5
0.3205        -332.2579    -332.3719       0.1141    16.7
0.3210        -332.2579    -332.3729       0.1150    16.8
0.3215        -332.2579    -332.3738       0.1159    16.9
0.3220        -332.2580    -332.3747       0.1167    17.0
0.3225        -332.2580    -332.3756       0.1175    17.2
0.3230        -332.2581    -332.3763       0.1183    17.3
0.3235        -332.2581    -332.3771       0.1189    17.4
0.3240        -332.2582    -332.3777       0.1195    17.4
0.3245        -332.2582    -332.3783       0.1200    17.5
0.3250        -332.2583    -332.3788       0.1205    17.6
0.3255        -332.2583    -332.3792       0.1209    17.6
0.3260        -332.2584    -332.3795       0.1211    17.7
0.3265        -332.2584    -332.3798       0.1213    17.7
0.3270        -332.2585    -332.3799       0.1214    17.7
0.3275        -332.2585    -332.3800       0.1214    17.7
0.3280        -332.2586    -332.3799       0.1214    17.7
0.3285        -332.2586    -332.3798       0.1212    17.7
0.3290        -332.2587    -332.3795       0.1209    17.6
0.3295        -332.2587    -332.3792       0.1205    17.6
0.3300        -332.2588    -332.3787       0.1200    17.5
0.3305        -332.2588    -332.3782       0.1194    17.4
0.3310        -332.2589    -332.3775       0.1187    17.3
0.3315        -332.2589    -332.3768       0.1178    17.2
0.3320        -332.2590    -332.3759       0.1169    17.1
0.3325        -332.2590    -332.3749       0.1159    16.9
0.3330        -332.2590    -332.3738       0.1148    16.8
0.3335        -332.2591    -332.3727       0.1136    16.6
0.3340        -332.2591    -332.3714       0.1123    16.4
0.3345        -332.2592    -332.3701       0.1109    16.2
0.3350        -332.2592    -332.3686       0.1094    16.0
0.3355        -332.2593    -332.3671       0.1078    15.7
0.3360        -332.2593    -332.3655       0.1062    15.5
0.3365        -332.2594    -332.3638       0.1045    15.2
0.3370        -332.2594    -332.3621       0.1027    15.0
0.3375        -332.2594    -332.3603       0.1008    14.7
0.3380        -332.2595    -332.3584       0.0989    14.4
0.3385        -332.2595    -332.3565       0.0970    14.2
0.3390        -332.2596    -332.3545       0.0950    13.9
0.3395        -332.2596    -332.3525       0.0929    13.6
0.3400        -332.2596    -332.3505       0.0909    13.3
0.3405        -332.2597    -332.3484       0.0888    13.0
0.3410        -332.2597    -332.3464       0.0867    12.7
0.3415        -332.2597    -332.3443       0.0846    12.3
0.3420        -332.2598    -332.3422       0.0824    12.0
0.3425        -332.2598    -332.3401       0.0803    11.7
0.3430        -332.2598    -332.3380       0.0782    11.4
0.3435        -332.2599    -332.3360       0.0761    11.1
0.3440        -332.2599    -332.3340       0.0741    10.8
0.3445        -332.2599    -332.3320       0.0720    10.5
0.3450        -332.2599    -332.3300       0.0700    10.2
0.3455        -332.2600    -332.3281       0.0681     9.9
0.3460        -332.2600    -332.3262       0.0662     9.7
0.3465        -332.2600    -332.3243       0.0643     9.4
0.3470        -332.2600    -332.3226       0.0625     9.1
0.3475        -332.2601    -332.3209       0.0608     8.9
0.3480        -332.2601    -332.3192       0.0591     8.6
0.3485        -332.2601    -332.3176       0.0575     8.4
0.3490        -332.2601    -332.3161       0.0560     8.2
0.3495        -332.2601    -332.3147       0.0546     8.0
0.3500        -332.2601    -332.3134       0.0532     7.8
0.3505        -332.2602    -332.3121       0.0520     7.6
0.3510        -332.2602    -332.3110       0.0508     7.4
0.3515        -332.2602    -332.3099       0.0497     7.3
0.3520        -332.2602    -332.3089       0.0487     7.1
0.3525        -332.2602    -332.3080       0.0478     7.0
0.3530        -332.2602    -332.3072       0.0470     6.9
0.3535        -332.2602    -332.3065       0.0463     6.8
0.3540        -332.2602    -332.3059       0.0457     6.7
0.3545        -332.2602    -332.3054       0.0452     6.6
0.3550        -332.2602    -332.3050       0.0448     6.5
0.3555        -332.2602    -332.3047       0.0445     6.5
0.3560        -332.2602    -332.3045       0.0442     6.5
0.3565        -332.2602    -332.3044       0.0441     6.4
0.3570        -332.2602    -332.3043       0.0441     6.4
0.3575        -332.2602    -332.3044       0.0442     6.5
0.3580        -332.2602    -332.3046       0.0444     6.5
0.3585        -332.2602    -332.3049       0.0446     6.5
0.3590        -332.2602    -332.3052       0.0450     6.6
0.3595        -332.2602    -332.3057       0.0455     6.6
0.3600        -332.2602    -332.3062       0.0460     6.7
0.3605        -332.2602    -332.3068       0.0467     6.8
0.3610        -332.2602    -332.3076       0.0474     6.9
0.3615        -332.2602    -332.3084       0.0482     7.0
0.3620        -332.2602    -332.3093       0.0491     7.2
0.3625        -332.2601    -332.3102       0.0501     7.3
0.3630        -332.2601    -332.3113       0.0512     7.5
0.3635        -332.2601    -332.3124       0.0523     7.6
0.3640        -332.2601    -332.3137       0.0536     7.8
0.3645        -332.2601    -332.3149       0.0549     8.0
0.3650        -332.2601    -332.3163       0.0562     8.2
0.3655        -332.2600    -332.3177       0.0577     8.4
0.3660        -332.2600    -332.3192       0.0592     8.6
0.3665        -332.2600    -332.3208       0.0608     8.9
0.3670        -332.2600    -332.3224       0.0625     9.1
0.3675        -332.2600    -332.3241       0.0642     9.4
0.3680        -332.2600    -332.3259       0.0659     9.6
0.3685        -332.2599    -332.3277       0.0678     9.9
0.3690        -332.2599    -332.3296       0.0697    10.2
0.3695        -332.2599    -332.3315       0.0716    10.5
0.3700        -332.2599    -332.3334       0.0736    10.7
0.3705        -332.2598    -332.3354       0.0756    11.0
0.3710        -332.2598    -332.3375       0.0777    11.3
0.3715        -332.2598    -332.3396       0.0798    11.6
0.3720        -332.2598    -332.3417       0.0819    12.0
0.3725        -332.2597    -332.3438       0.0841    12.3
0.3730        -332.2597    -332.3460       0.0863    12.6
0.3735        -332.2597    -332.3482       0.0885    12.9
0.3740        -332.2597    -332.3504       0.0908    13.3
0.3745        -332.2596    -332.3527       0.0930    13.6
0.3750        -332.2596    -332.3549       0.0953    13.9
0.3755        -332.2596    -332.3572       0.0976    14.2
0.3760        -332.2596    -332.3594       0.0999    14.6
0.3765        -332.2595    -332.3617       0.1022    14.9
0.3770        -332.2595    -332.3639       0.1044    15.2
0.3775        -332.2595    -332.3662       0.1067    15.6
0.3780        -332.2595    -332.3684       0.1089    15.9
0.3785        -332.2594    -332.3706       0.1112    16.2
0.3790        -332.2594    -332.3728       0.1134    16.6
0.3795        -332.2594    -332.3749       0.1156    16.9
0.3800        -332.2593    -332.3770       0.1177    17.2
0.3805        -332.2593    -332.3791       0.1198    17.5
0.3810        -332.2593    -332.3811       0.1219    17.8
0.3815        -332.2593    -332.3831       0.1239    18.1
0.3820        -332.2592    -332.3850       0.1258    18.4
0.3825        -332.2592    -332.3869       0.1277    18.6
0.3830        -332.2592    -332.3887       0.1295    18.9
0.3835        -332.2592    -332.3905       0.1313    19.2
0.3840        -332.2591    -332.3921       0.1330    19.4
0.3845        -332.2591    -332.3937       0.1346    19.6
0.3850        -332.2591    -332.3952       0.1361    19.9
0.3855        -332.2590    -332.3966       0.1376    20.1
0.3860        -332.2590    -332.3979       0.1389    20.3
0.3865        -332.2590    -332.3992       0.1402    20.5
0.3870        -332.2590    -332.4003       0.1413    20.6
0.3875        -332.2589    -332.4013       0.1424    20.8
0.3880        -332.2589    -332.4023       0.1434    20.9
0.3885        -332.2589    -332.4031       0.1442    21.0
0.3890        -332.2589    -332.4038       0.1449    21.2
0.3895        -332.2588    -332.4044       0.1456    21.2
0.3900        -332.2588    -332.4049       0.1461    21.3
0.3905        -332.2588    -332.4053       0.1465    21.4
0.3910        -332.2588    -332.4055       0.1467    21.4
0.3915        -332.2587    -332.4056       0.1469    21.4
0.3920        -332.2587    -332.4056       0.1469    21.4
0.3925        -332.2587    -332.4055       0.1468    21.4
0.3930        -332.2587    -332.4053       0.1466    21.4
0.3935        -332.2587    -332.4049       0.1463    21.4
0.3940        -332.2586    -332.4044       0.1458    21.3
0.3945        -332.2586    -332.4038       0.1452    21.2
0.3950        -332.2586    -332.4031       0.1445    21.1
0.3955        -332.2586    -332.4022       0.1437    21.0
0.3960        -332.2585    -332.4013       0.1427    20.8
0.3965        -332.2585    -332.4002       0.1416    20.7
0.3970        -332.2585    -332.3990       0.1405    20.5
0.3975        -332.2585    -332.3976       0.1392    20.3
0.3980        -332.2585    -332.3962       0.1377    20.1
0.3985        -332.2585    -332.3947       0.1362    19.9
0.3990        -332.2584    -332.3930       0.1346    19.6
0.3995        -332.2584    -332.3913       0.1329    19.4
0.4000        -332.2584    -332.3894       0.1310    19.1
0.4005        -332.2584    -332.3875       0.1291    18.8
0.4010        -332.2584    -332.3855       0.1271    18.6
0.4015        -332.2583    -332.3834       0.1250    18.2
0.4020        -332.2583    -332.3812       0.1228    17.9
0.4025        -332.2583    -332.3789       0.1206    17.6
0.4030        -332.2583    -332.3766       0.1183    17.3
0.4035        -332.2583    -332.3742       0.1159    16.9
0.4040        -332.2583    -332.3717       0.1135    16.6
0.4045        -332.2583    -332.3693       0.1110    16.2
0.4050        -332.2582    -332.3667       0.1085    15.8
0.4055        -332.2582    -332.3641       0.1059    15.5
0.4060        -332.2582    -332.3615       0.1033    15.1
0.4065        -332.2582    -332.3589       0.1007    14.7
0.4070        -332.2582    -332.3563       0.0981    14.3
0.4075        -332.2582    -332.3536       0.0955    13.9
0.4080        -332.2581    -332.3510       0.0928    13.5
0.4085        -332.2581    -332.3483       0.0902    13.2
0.4090        -332.2581    -332.3457       0.0876    12.8
0.4095        -332.2581    -332.3431       0.0850    12.4
0.4100        -332.2581    -332.3405       0.0824    12.0
0.4105        -332.2581    -332.3380       0.0799    11.7
0.4110        -332.2581    -332.3355       0.0774    11.3
0.4115        -332.2581    -332.3330       0.0749    10.9
0.4120        -332.2580    -332.3306       0.0726    10.6
0.4125        -332.2580    -332.3283       0.0702    10.3
0.4130        -332.2580    -332.3260       0.0680     9.9
0.4135        -332.2580    -332.3238       0.0658     9.6
0.4140        -332.2580    -332.3217       0.0637     9.3
0.4145        -332.2580    -332.3197       0.0617     9.0
0.4150        -332.2580    -332.3178       0.0598     8.7
0.4155        -332.2580    -332.3160       0.0580     8.5
0.4160        -332.2579    -332.3143       0.0563     8.2
0.4165        -332.2579    -332.3127       0.0547     8.0
0.4170        -332.2579    -332.3112       0.0533     7.8
0.4175        -332.2579    -332.3098       0.0519     7.6
0.4180        -332.2579    -332.3086       0.0507     7.4
0.4185        -332.2579    -332.3074       0.0496     7.2
0.4190        -332.2579    -332.3064       0.0486     7.1
0.4195        -332.2579    -332.3056       0.0477     7.0
0.4200        -332.2578    -332.3048       0.0470     6.9
0.4205        -332.2578    -332.3042       0.0464     6.8
0.4210        -332.2578    -332.3038       0.0460     6.7
0.4215        -332.2578    -332.3035       0.0456     6.7
0.4220        -332.2578    -332.3033       0.0455     6.6
0.4225        -332.2578    -332.3032       0.0454     6.6
0.4230        -332.2578    -332.3033       0.0455     6.6
0.4235        -332.2578    -332.3035       0.0457     6.7
0.4240        -332.2578    -332.3038       0.0461     6.7
0.4245        -332.2577    -332.3043       0.0465     6.8
0.4250        -332.2577    -332.3049       0.0471     6.9
0.4255        -332.2577    -332.3056       0.0478     7.0
0.4260        -332.2577    -332.3064       0.0487     7.1
0.4265        -332.2577    -332.3073       0.0496     7.2
0.4270        -332.2577    -332.3084       0.0507     7.4
0.4275        -332.2577    -332.3096       0.0519     7.6
0.4280        -332.2577    -332.3108       0.0531     7.8
0.4285        -332.2577    -332.3122       0.0545     8.0
0.4290        -332.2576    -332.3136       0.0560     8.2
0.4295        -332.2576    -332.3151       0.0575     8.4
0.4300        -332.2576    -332.3167       0.0591     8.6
0.4305        -332.2576    -332.3184       0.0608     8.9
0.4310        -332.2576    -332.3202       0.0625     9.1
0.4315        -332.2576    -332.3220       0.0644     9.4
0.4320        -332.2576    -332.3238       0.0662     9.7
0.4325        -332.2576    -332.3257       0.0681     9.9
0.4330        -332.2576    -332.3276       0.0701    10.2
0.4335        -332.2576    -332.3296       0.0720    10.5
0.4340        -332.2576    -332.3316       0.0740    10.8
0.4345        -332.2575    -332.3336       0.0760    11.1
0.4350        -332.2575    -332.3356       0.0780    11.4
0.4355        -332.2575    -332.3376       0.0801    11.7
0.4360        -332.2575    -332.3396       0.0821    12.0
0.4365        -332.2575    -332.3416       0.0841    12.3
0.4370        -332.2575    -332.3436       0.0861    12.6
0.4375        -332.2575    -332.3456       0.0881    12.9
0.4380        -332.2575    -332.3475       0.0900    13.1
0.4385        -332.2575    -332.3494       0.0919    13.4
0.4390        -332.2575    -332.3513       0.0938    13.7
0.4395        -332.2575    -332.3531       0.0956    14.0
0.4400        -332.2575    -332.3549       0.0974    14.2
0.4405        -332.2575    -332.3566       0.0991    14.5
0.4410        -332.2575    -332.3583       0.1008    14.7
0.4415        -332.2575    -332.3599       0.1024    14.9
0.4420        -332.2575    -332.3614       0.1040    15.2
0.4425        -332.2575    -332.3629       0.1054    15.4
0.4430        -332.2575    -332.3643       0.1068    15.6
0.4435        -332.2575    -332.3656       0.1082    15.8
0.4440        -332.2575    -332.3669       0.1094    16.0
0.4445        -332.2575    -332.3681       0.1106    16.1
0.4450        -332.2575    -332.3692       0.1117    16.3
0.4455        -332.2575    -332.3702       0.1127    16.5
0.4460        -332.2575    -332.3712       0.1137    16.6
0.4465        -332.2575    -332.3720       0.1146    16.7
0.4470        -332.2575    -332.3728       0.1154    16.8
0.4475        -332.2575    -332.3736       0.1161    16.9
0.4480        -332.2575    -332.3742       0.1167    17.0
0.4485        -332.2575    -332.3748       0.1173    17.1
0.4490        -332.2575    -332.3753       0.1178    17.2
0.4495        -332.2575    -332.3757       0.1182    17.2
0.4500        -332.2575    -332.3760       0.1185    17.3
0.4505        -332.2575    -332.3763       0.1188    17.3
0.4510        -332.2575    -332.3765       0.1190    17.4
0.4515        -332.2575    -332.3767       0.1191    17.4
0.4520        -332.2576    -332.3768       0.1192    17.4
0.4525        -332.2576    -332.3768       0.1193    17.4
0.4530        -332.2576    -332.3768       0.1192    17.4
0.4535        -332.2576    -332.3767       0.1192    17.4
0.4540        -332.2576    -332.3766       0.1190    17.4
0.4545        -332.2576    -332.3765       0.1189    17.4
0.4550        -332.2576    -332.3763       0.1187    17.3
0.4555        -332.2576    -332.3761       0.1184    17.3
0.4560        -332.2576    -332.3758       0.1182    17.2
0.4565        -332.2577    -332.3755       0.1179    17.2
0.4570        -332.2577    -332.3752       0.1175    17.2
0.4575        -332.2577    -332.3749       0.1172    17.1
0.4580        -332.2577    -332.3746       0.1168    17.1
0.4585        -332.2577    -332.3742       0.1165    17.0
0.4590        -332.2577    -332.3738       0.1161    16.9
0.4595        -332.2578    -332.3735       0.1157    16.9
0.4600        -332.2578    -332.3731       0.1153    16.8
0.4605        -332.2578    -332.3728       0.1150    16.8
0.4610        -332.2578    -332.3724       0.1146    16.7
0.4615        -332.2578    -332.3720       0.1142    16.7
0.4620        -332.2579    -332.3717       0.1139    16.6
0.4625        -332.2579    -332.3714       0.1135    16.6
0.4630        -332.2579    -332.3711       0.1132    16.5
0.4635        -332.2579    -332.3708       0.1129    16.5
0.4640        -332.2579    -332.3705       0.1126    16.4
0.4645        -332.2580    -332.3703       0.1123    16.4
0.4650        -332.2580    -332.3700       0.1120    16.4
0.4655        -332.2580    -332.3698       0.1118    16.3
0.4660        -332.2580    -332.3696       0.1116    16.3
0.4665        -332.2581    -332.3695       0.1114    16.3
0.4670        -332.2581    -332.3693       0.1112    16.2
0.4675        -332.2581    -332.3692       0.1111    16.2
0.4680        -332.2581    -332.3691       0.1110    16.2
0.4685        -332.2582    -332.3690       0.1108    16.2
0.4690        -332.2582    -332.3689       0.1107    16.2
0.4695        -332.2582    -332.3689       0.1107    16.2
0.4700        -332.2582    -332.3688       0.1106    16.1
0.4705        -332.2583    -332.3688       0.1105    16.1
0.4710        -332.2583    -332.3687       0.1104    16.1
0.4715        -332.2583    -332.3687       0.1104    16.1
0.4720        -332.2583    -332.3686       0.1103    16.1
0.4725        -332.2584    -332.3686       0.1102    16.1
0.4730        -332.2584    -332.3685       0.1101    16.1
0.4735        -332.2584    -332.3684       0.1100    16.1
0.4740        -332.2584    -332.3683       0.1099    16.0
0.4745        -332.2585    -332.3682       0.1097    16.0
0.4750        -332.2585    -332.3680       0.1096    16.0
0.4755        -332.2585    -332.3679       0.1093    16.0
0.4760        -332.2585    -332.3676       0.1091    15.9
0.4765        -332.2586    -332.3674       0.1088    15.9
0.4770        -332.2586    -332.3671       0.1085    15.8
0.4775        -332.2586    -332.3667       0.1081    15.8
0.4780        -332.2586    -332.3663       0.1077    15.7
0.4785        -332.2587    -332.3658       0.1072    15.6
0.4790        -332.2587    -332.3653       0.1066    15.6
0.4795        -332.2587    -332.3647       0.1060    15.5
0.4800        -332.2587    -332.3641       0.1053    15.4
0.4805        -332.2588    -332.3633       0.1046    15.3
0.4810        -332.2588    -332.3626       0.1038    15.1
0.4815        -332.2588    -332.3617       0.1029    15.0
0.4820        -332.2588    -332.3608       0.1019    14.9
0.4825        -332.2589    -332.3597       0.1009    14.7
0.4830        -332.2589    -332.3587       0.0998    14.6
0.4835        -332.2589    -332.3575       0.0986    14.4
0.4840        -332.2589    -332.3563       0.0973    14.2
0.4845        -332.2590    -332.3550       0.0960    14.0
0.4850        -332.2590    -332.3536       0.0946    13.8
0.4855        -332.2590    -332.3522       0.0932    13.6
0.4860        -332.2590    -332.3506       0.0916    13.4
0.4865        -332.2590    -332.3491       0.0900    13.1
0.4870        -332.2591    -332.3474       0.0884    12.9
0.4875        -332.2591    -332.3458       0.0867    12.7
0.4880        -332.2591    -332.3440       0.0849    12.4
0.4885        -332.2591    -332.3423       0.0831    12.1
0.4890        -332.2591    -332.3404       0.0813    11.9
0.4895        -332.2592    -332.3386       0.0794    11.6
0.4900        -332.2592    -332.3367       0.0775    11.3
0.4905        -332.2592    -332.3348       0.0756    11.0
0.4910        -332.2592    -332.3329       0.0737    10.8
0.4915        -332.2592    -332.3309       0.0717    10.5
0.4920        -332.2592    -332.3290       0.0698    10.2
0.4925        -332.2593    -332.3271       0.0678     9.9
0.4930        -332.2593    -332.3252       0.0659     9.6
0.4935        -332.2593    -332.3233       0.0640     9.3
0.4940        -332.2593    -332.3214       0.0621     9.1
0.4945        -332.2593    -332.3196       0.0603     8.8
0.4950        -332.2593    -332.3178       0.0585     8.5
0.4955        -332.2593    -332.3161       0.0567     8.3
0.4960        -332.2593    -332.3144       0.0550     8.0
0.4965        -332.2594    -332.3128       0.0534     7.8
0.4970        -332.2594    -332.3112       0.0519     7.6
0.4975        -332.2594    -332.3098       0.0504     7.4
0.4980        -332.2594    -332.3084       0.0491     7.2
0.4985        -332.2594    -332.3072       0.0478     7.0
0.4990        -332.2594    -332.3060       0.0466     6.8
0.4995        -332.2594    -332.3049       0.0455     6.6
0.5000        -332.2594    -332.3040       0.0446     6.5
